
Postモデルのテスト
  バリデーションのテスト
    contentsカラム
[32m      空欄でないこと[0m
    addressカラム
[32m      空欄でないこと[0m
  アソシエーションのテスト
    Userモデルとの関係
[32m      N:1となっている[0m

Userモデルのテスト
  バリデーションのテスト
    nameカラム
[32m      空欄でないこと[0m
[32m      2文字以上であること: 1文字は×[0m
[32m      2文字以上であること: 2文字は〇[0m
[32m      20文字以下であること: 20文字は〇[0m
[32m      20文字以下であること: 21文字は×[0m
[32m      一意性があること[0m
    introductionカラム
[32m      50文字以下であること: 50文字は〇[0m
[32m      50文字以下であること: 51文字は×[0m
  アソシエーションのテスト
    Postモデルとの関係
[32m      1:Nとなっている[0m

[STEP2] ユーザログイン後のテスト
  ヘッダーのテスト: ログインしている場合
    リンクの内容を確認: ※logoutは『ユーザログアウトのテスト』でテスト済みになります。
[32m      topを押すと、postの一覧画面に遷移する[0m
[32m      ユーザーを押すと、ユーザ一覧画面に遷移する[0m
[32m      新規投稿を押すと、新規登録画面に遷移する[0m
[32m      マイページを押すと、ユーザー詳細画面に遷移する[0m
  投稿一覧画面のテスト
    表示内容の確認
[32m      URLが正しい[0m
[32m      自分の投稿画像と他人の投稿画像のリンク先がそれぞれ正しい[0m
[32m      自分の投稿と他人の投稿のオピニオンが表示される[0m
  新規登録画面のテスト
    表示内容の確認
[32m      「新規投稿」と表示される[0m
[32m      画像選択フォームが表示される[0m
[32m      contentsフォームが表示される[0m
[32m      contentsフォームに値が入っていない[0m
[32m      addressフォームが表示される[0m
[32m      addressフォームに値が入っていない[0m
[32m      投稿ボタンが表示される[0m
  ユーザ一覧画面のテスト
    表示内容の確認
[32m      URLが正しい[0m
[32m      自分と他人の名前がそれぞれ表示される[0m
[32m      showリンクがそれぞれ表示される[0m
  自分のユーザ詳細画面のテスト
    表示の確認
[32m      URLが正しい[0m
[32m      投稿一覧に自分の投稿の画面が表示され、リンクが正しい[0m
[32m      投稿一覧に自分の投稿のcontentsが表示される[0m
[32m      他人の投稿は表示されない[0m

[STEP1] ユーザログイン前のテスト
  ユーザ新規登録のテスト
    表示内容の確認
[32m      URLが正しい[0m
[32m      「新規登録」と表示される[0m
[32m      「ユーザーネーム」フォームが表示される[0m
[32m      emailフォームが表示される[0m
[32m      passwordフォームが表示される[0m
[32m      password_confirmationフォームが表示される[0m
[32m      登録ボタンが表示される[0m
    新規登録成功のテスト
[32m      正しく新規登録される[0m
[32m      新規登録後のリダイレクト先が、Postのindex画面になっている[0m
  ユーザログイン
    表示内容の確認
[32m      URLが正しい[0m
[32m      「ログイン」と表示される[0m
[32m      「ユーザーネーム」フォームが表示される[0m
[32m      emailフォームは表示される[0m
[32m      passwordフォームが表示される[0m
[32m      「ログイン」ボタンが表示される[0m
    ログイン成功のテスト
[32m      ログイン後のリダイレクト先が、Postのindex画面になっている[0m
    ログイン失敗のテスト
[32m      ログインに失敗し、ログイン画面にリダイレクトされる[0m

[STEP3] 仕上げのテスト
  処理失敗時のテスト
    ユーザ新規登録失敗: nameを1文字にする
[32m      新規登録されない[0m
[32m      新規登録画面を表示しており、フォームの内容が正しい[0m
[32m      バリデーションエラーが表示される[0m
  ログインしていない場合のアクセス制限のテスト: アクセスできず、ログイン画面に遷移する
[32m    ユーザ一覧画面[0m
[32m    ユーザ詳細画面[0m
[32m    ユーザ情報編集画面[0m
[32m    投稿一覧画面[0m
[32m    新規投稿画面[0m
[32m    投稿詳細画面[0m
[32m    投稿編集画面[0m
  他人の画面のテスト
    他人のユーザ詳細画面のテスト
      表示の確認
[32m        URLが正しい[0m
[32m        他人の投稿の画像が表示される[0m
[32m        他人の投稿のcontentsが表示される[0m
[32m        他人の投稿のaddressが表示される[0m
[32m        自分の投稿は表示されない[0m
    他人のユーザ情報編集画面
[32m      遷移できず、自分のユーザ詳細画面にリダイレクトされる[0m

Finished in 3.52 seconds (files took 1.85 seconds to load)
[32m66 examples, 0 failures[0m

